#
# There is insufficient memory for the Java Runtime Environment to continue.
# Native memory allocation (malloc) failed to allocate 1989872 bytes for Chunk::new
# Possible reasons:
#   The system is out of physical RAM or swap space
#   The process is running with CompressedOops enabled, and the Java Heap may be blocking the growth of the native heap
# Possible solutions:
#   Reduce memory load on the system
#   Increase physical memory or swap space
#   Check if swap backing store is full
#   Decrease Java heap size (-Xmx/-Xms)
#   Decrease number of Java threads
#   Decrease Java thread stack sizes (-Xss)
#   Set larger code cache with -XX:ReservedCodeCacheSize=
#   JVM is running with Zero Based Compressed Oops mode in which the Java heap is
#     placed in the first 32GB address space. The Java Heap base address is the
#     maximum limit for the native heap growth. Please use -XX:HeapBaseMinAddress
#     to set the Java Heap base and to place the Java Heap above 32GB virtual address.
# This output file may be truncated or incomplete.
#
#  Out of Memory Error (arena.cpp:189), pid=11400, tid=20948
#
# JRE version: OpenJDK Runtime Environment (17.0.6) (build 17.0.6+0-b2043.56-10027231)
# Java VM: OpenJDK 64-Bit Server VM (17.0.6+0-b2043.56-10027231, mixed mode, tiered, compressed oops, compressed class ptrs, g1 gc, windows-amd64)
# No core dump will be written. Minidumps are not enabled by default on client versions of Windows
#

---------------  S U M M A R Y ------------

Command Line: org.jetbrains.kotlin.cli.jvm.K2JVMCompiler @F:\projectgithub\app\build\20231002_15580953446418749188.compiler.options

Host: Intel(R) Core(TM) i5-8250U CPU @ 1.60GHz, 8 cores, 11G,  Windows 11 , 64 bit Build 22621 (10.0.22621.746)
Time: Mon Oct  2 16:55:53 2023 SE Asia Standard Time elapsed time: 31.960415 seconds (0d 0h 0m 31s)

---------------  T H R E A D  ---------------

Current thread (0x00000192e7c7c520):  JavaThread "C2 CompilerThread0" daemon [_thread_in_native, id=20948, stack(0x00000042b9c00000,0x00000042b9d00000)]


Current CompileTask:
C2:  31960 11333       4       org.jetbrains.kotlin.ir.util.TypeTranslator::translateType (625 bytes)

Stack: [0x00000042b9c00000,0x00000042b9d00000]
Native frames: (J=compiled Java code, j=interpreted, Vv=VM code, C=native code)
V  [jvm.dll+0x683c9a]
V  [jvm.dll+0x8427a4]
V  [jvm.dll+0x843f9e]
V  [jvm.dll+0x844603]
V  [jvm.dll+0x249b75]
V  [jvm.dll+0xabcac]
V  [jvm.dll+0xac27c]
V  [jvm.dll+0x368857]
V  [jvm.dll+0x332f31]
V  [jvm.dll+0x3323da]
V  [jvm.dll+0x21c201]
V  [jvm.dll+0x21b621]
V  [jvm.dll+0x1a4fdd]
V  [jvm.dll+0x22b098]
V  [jvm.dll+0x229159]
V  [jvm.dll+0x7f81ec]
V  [jvm.dll+0x7f274a]
V  [jvm.dll+0x682ad5]
C  [ucrtbase.dll+0x29363]
C  [KERNEL32.DLL+0x1244d]
C  [ntdll.dll+0x5dfb8]


---------------  P R O C E S S  ---------------

Threads class SMR info:
_java_thread_list=0x00000192eea31b90, length=14, elements={
0x00000192c8e9c650, 0x00000192e7c0d0d0, 0x00000192e7c119a0, 0x00000192e7c576b0,
0x00000192e7c59f80, 0x00000192e7c5cc50, 0x00000192e7c5d510, 0x00000192e7c7c520,
0x00000192e7c7ce20, 0x00000192e7c7db10, 0x00000192e7dcdfd0, 0x00000192e7ddc050,
0x00000192e914be10, 0x00000192e9149aa0
}

Java Threads: ( => current thread )
  0x00000192c8e9c650 JavaThread "main" [_thread_in_Java, id=13932, stack(0x00000042b8f00000,0x00000042b9000000)]
  0x00000192e7c0d0d0 JavaThread "Reference Handler" daemon [_thread_blocked, id=18824, stack(0x00000042b9600000,0x00000042b9700000)]
  0x00000192e7c119a0 JavaThread "Finalizer" daemon [_thread_blocked, id=30764, stack(0x00000042b9700000,0x00000042b9800000)]
  0x00000192e7c576b0 JavaThread "Signal Dispatcher" daemon [_thread_blocked, id=23596, stack(0x00000042b9800000,0x00000042b9900000)]
  0x00000192e7c59f80 JavaThread "Attach Listener" daemon [_thread_blocked, id=15088, stack(0x00000042b9900000,0x00000042b9a00000)]
  0x00000192e7c5cc50 JavaThread "Service Thread" daemon [_thread_blocked, id=17344, stack(0x00000042b9a00000,0x00000042b9b00000)]
  0x00000192e7c5d510 JavaThread "Monitor Deflation Thread" daemon [_thread_blocked, id=12052, stack(0x00000042b9b00000,0x00000042b9c00000)]
=>0x00000192e7c7c520 JavaThread "C2 CompilerThread0" daemon [_thread_in_native, id=20948, stack(0x00000042b9c00000,0x00000042b9d00000)]
  0x00000192e7c7ce20 JavaThread "C1 CompilerThread0" daemon [_thread_in_native, id=26408, stack(0x00000042b9d00000,0x00000042b9e00000)]
  0x00000192e7c7db10 JavaThread "Sweeper thread" daemon [_thread_blocked, id=28676, stack(0x00000042b9e00000,0x00000042b9f00000)]
  0x00000192e7dcdfd0 JavaThread "Notification Thread" daemon [_thread_blocked, id=25256, stack(0x00000042b9f00000,0x00000042ba000000)]
  0x00000192e7ddc050 JavaThread "Common-Cleaner" daemon [_thread_blocked, id=27052, stack(0x00000042ba100000,0x00000042ba200000)]
  0x00000192e914be10 JavaThread "C2 CompilerThread1" daemon [_thread_in_native, id=18080, stack(0x00000042ba600000,0x00000042ba700000)]
  0x00000192e9149aa0 JavaThread "C2 CompilerThread2" daemon [_thread_in_native, id=15292, stack(0x00000042bab00000,0x00000042bac00000)]

Other Threads:
  0x00000192e71e6160 VMThread "VM Thread" [stack: 0x00000042b9500000,0x00000042b9600000] [id=27768]
  0x00000192e7dd0ee0 WatcherThread [stack: 0x00000042ba000000,0x00000042ba100000] [id=22112]
  0x00000192c8ef3e90 GCTaskThread "GC Thread#0" [stack: 0x00000042b9000000,0x00000042b9100000] [id=6956]
  0x00000192e8024180 GCTaskThread "GC Thread#1" [stack: 0x00000042ba200000,0x00000042ba300000] [id=24292]
  0x00000192e8263ba0 GCTaskThread "GC Thread#2" [stack: 0x00000042ba300000,0x00000042ba400000] [id=25044]
  0x00000192e82e5ab0 GCTaskThread "GC Thread#3" [stack: 0x00000042ba400000,0x00000042ba500000] [id=24296]
  0x00000192e8394d10 GCTaskThread "GC Thread#4" [stack: 0x00000042ba500000,0x00000042ba600000] [id=23736]
  0x00000192e925e2c0 GCTaskThread "GC Thread#5" [stack: 0x00000042ba700000,0x00000042ba800000] [id=19700]
  0x00000192e925dd60 GCTaskThread "GC Thread#6" [stack: 0x00000042ba800000,0x00000042ba900000] [id=17700]
  0x00000192e925e820 GCTaskThread "GC Thread#7" [stack: 0x00000042ba900000,0x00000042baa00000] [id=17364]
  0x00000192c8f00b70 ConcurrentGCThread "G1 Main Marker" [stack: 0x00000042b9100000,0x00000042b9200000] [id=3784]
  0x00000192c8f034a0 ConcurrentGCThread "G1 Conc#0" [stack: 0x00000042b9200000,0x00000042b9300000] [id=29132]
  0x00000192e925ead0 ConcurrentGCThread "G1 Conc#1" [stack: 0x00000042baa00000,0x00000042bab00000] [id=26704]
  0x00000192e70524c0 ConcurrentGCThread "G1 Refine#0" [stack: 0x00000042b9300000,0x00000042b9400000] [id=24840]
  0x00000192eeb0be00 ConcurrentGCThread "G1 Refine#1" [stack: 0x00000042bac00000,0x00000042bad00000] [id=27288]
  0x00000192eeb0c6a0 ConcurrentGCThread "G1 Refine#2" [stack: 0x00000042bad00000,0x00000042bae00000] [id=27272]
  0x00000192e7052df0 ConcurrentGCThread "G1 Service" [stack: 0x00000042b9400000,0x00000042b9500000] [id=21244]

Threads with active compile tasks:
C2 CompilerThread0    32033 11333       4       org.jetbrains.kotlin.ir.util.TypeTranslator::translateType (625 bytes)
C1 CompilerThread0    32033 11523       1       org.jetbrains.kotlin.ir.declarations.lazy.IrLazyFunction::getDescriptor (5 bytes)
C2 CompilerThread1    32033 11399       4       org.jetbrains.kotlin.ir.util.TypeTranslator::translateTypeArguments (152 bytes)
C2 CompilerThread2    32033 11397       4       org.jetbrains.kotlin.ir.types.impl.IrSimpleTypeImplKt::buildTypeProjection (48 bytes)

VM state: not at safepoint (normal execution)

VM Mutex/Monitor currently owned by a thread: None

Heap address: 0x0000000741600000, size: 3050 MB, Compressed Oops mode: Zero based, Oop shift amount: 3

CDS archive(s) not mapped
Compressed class space mapped at: 0x0000000800000000-0x0000000840000000, reserved size: 1073741824
Narrow klass base: 0x0000000800000000, Narrow klass shift: 0, Narrow klass range: 0x40000000

GC Precious Log:
 CPUs: 8 total, 8 available
 Memory: 12197M
 Large Page Support: Disabled
 NUMA Support: Disabled
 Compressed Oops: Enabled (Zero based)
 Heap Region Size: 2M
 Heap Min Capacity: 8M
 Heap Initial Capacity: 192M
 Heap Max Capacity: 3050M
 Pre-touch: Disabled
 Parallel Workers: 8
 Concurrent Workers: 2
 Concurrent Refinement Workers: 8
 Periodic GC: Disabled

Heap:
 garbage-first heap   total 143360K, used 82346K [0x0000000741600000, 0x0000000800000000)
  region size 2048K, 17 young (34816K), 4 survivors (8192K)
 Metaspace       used 74823K, committed 75136K, reserved 1122304K
  class space    used 8692K, committed 8832K, reserved 1048576K

Heap Regions: E=young(eden), S=young(survivor), O=old, HS=humongous(starts), HC=humongous(continues), CS=collection set, F=free, OA=open archive, CA=closed archive, TAMS=top-at-mark-start (previous, next)
|   0|0x0000000741600000, 0x0000000741800000, 0x0000000741800000|100%|HS|  |TAMS 0x0000000741800000, 0x0000000741600000| Complete 
|   1|0x0000000741800000, 0x0000000741a00000, 0x0000000741a00000|100%|HC|  |TAMS 0x0000000741a00000, 0x0000000741800000| Complete 
|   2|0x0000000741a00000, 0x0000000741c00000, 0x0000000741c00000|100%| O|  |TAMS 0x0000000741c00000, 0x0000000741a00000| Untracked 
|   3|0x0000000741c00000, 0x0000000741e00000, 0x0000000741e00000|100%| O|  |TAMS 0x0000000741e00000, 0x0000000741c00000| Untracked 
|   4|0x0000000741e00000, 0x0000000742000000, 0x0000000742000000|100%| O|  |TAMS 0x0000000742000000, 0x0000000741e00000| Untracked 
|   5|0x0000000742000000, 0x0000000742200000, 0x0000000742200000|100%| O|  |TAMS 0x0000000742200000, 0x0000000742000000| Untracked 
|   6|0x0000000742200000, 0x0000000742400000, 0x0000000742400000|100%| O|  |TAMS 0x0000000742400000, 0x0000000742200000| Untracked 
|   7|0x0000000742400000, 0x0000000742600000, 0x0000000742600000|100%| O|  |TAMS 0x0000000742600000, 0x0000000742400000| Untracked 
|   8|0x0000000742600000, 0x0000000742800000, 0x0000000742800000|100%| O|  |TAMS 0x0000000742800000, 0x0000000742600000| Untracked 
|   9|0x0000000742800000, 0x0000000742a00000, 0x0000000742a00000|100%|HS|  |TAMS 0x0000000742a00000, 0x0000000742800000| Complete 
|  10|0x0000000742a00000, 0x0000000742c00000, 0x0000000742c00000|100%| O|  |TAMS 0x0000000742c00000, 0x0000000742a00000| Untracked 
|  11|0x0000000742c00000, 0x0000000742e00000, 0x0000000742e00000|100%| O|  |TAMS 0x0000000742e00000, 0x0000000742c00000| Untracked 
|  12|0x0000000742e00000, 0x0000000743000000, 0x0000000743000000|100%| O|  |TAMS 0x0000000743000000, 0x0000000742e00000| Untracked 
|  13|0x0000000743000000, 0x0000000743200000, 0x0000000743200000|100%| O|  |TAMS 0x0000000743200000, 0x0000000743000000| Untracked 
|  14|0x0000000743200000, 0x0000000743400000, 0x0000000743400000|100%| O|  |TAMS 0x0000000743400000, 0x0000000743200000| Untracked 
|  15|0x0000000743400000, 0x0000000743600000, 0x0000000743600000|100%| O|  |TAMS 0x0000000743600000, 0x0000000743400000| Untracked 
|  16|0x0000000743600000, 0x0000000743800000, 0x0000000743800000|100%| O|  |TAMS 0x0000000743800000, 0x0000000743600000| Untracked 
|  17|0x0000000743800000, 0x0000000743a00000, 0x0000000743a00000|100%| O|  |TAMS 0x000000074391f000, 0x0000000743800000| Untracked 
|  18|0x0000000743a00000, 0x0000000743c00000, 0x0000000743c00000|100%| O|  |TAMS 0x0000000743a00000, 0x0000000743a00000| Untracked 
|  19|0x0000000743c00000, 0x0000000743e00000, 0x0000000743e00000|100%| O|  |TAMS 0x0000000743c00000, 0x0000000743c00000| Untracked 
|  20|0x0000000743e00000, 0x0000000744000000, 0x0000000744000000|100%| O|  |TAMS 0x0000000743e00000, 0x0000000743e00000| Untracked 
|  21|0x0000000744000000, 0x0000000744200000, 0x0000000744200000|100%| O|  |TAMS 0x0000000744000000, 0x0000000744000000| Untracked 
|  22|0x0000000744200000, 0x0000000744400000, 0x0000000744400000|100%| O|  |TAMS 0x0000000744200000, 0x0000000744200000| Untracked 
|  23|0x0000000744400000, 0x0000000744600000, 0x0000000744600000|100%| O|  |TAMS 0x0000000744400000, 0x0000000744400000| Untracked 
|  24|0x0000000744600000, 0x0000000744800000, 0x0000000744800000|100%| O|  |TAMS 0x0000000744600000, 0x0000000744600000| Untracked 
|  25|0x0000000744800000, 0x00000007449ff200, 0x0000000744a00000| 99%| O|  |TAMS 0x0000000744800000, 0x0000000744800000| Untracked 
|  26|0x0000000744a00000, 0x0000000744a00000, 0x0000000744c00000|  0%| F|  |TAMS 0x0000000744a00000, 0x0000000744a00000| Untracked 
|  27|0x0000000744c00000, 0x0000000744c00000, 0x0000000744e00000|  0%| F|  |TAMS 0x0000000744c00000, 0x0000000744c00000| Untracked 
|  28|0x0000000744e00000, 0x0000000744e00000, 0x0000000745000000|  0%| F|  |TAMS 0x0000000744e00000, 0x0000000744e00000| Untracked 
|  29|0x0000000745000000, 0x0000000745000000, 0x0000000745200000|  0%| F|  |TAMS 0x0000000745000000, 0x0000000745000000| Untracked 
|  30|0x0000000745200000, 0x0000000745200000, 0x0000000745400000|  0%| F|  |TAMS 0x0000000745200000, 0x0000000745200000| Untracked 
|  31|0x0000000745400000, 0x0000000745400000, 0x0000000745600000|  0%| F|  |TAMS 0x0000000745400000, 0x0000000745400000| Untracked 
|  32|0x0000000745600000, 0x0000000745600000, 0x0000000745800000|  0%| F|  |TAMS 0x0000000745600000, 0x0000000745600000| Untracked 
|  33|0x0000000745800000, 0x0000000745800000, 0x0000000745a00000|  0%| F|  |TAMS 0x0000000745800000, 0x0000000745800000| Untracked 
|  34|0x0000000745a00000, 0x0000000745a00000, 0x0000000745c00000|  0%| F|  |TAMS 0x0000000745a00000, 0x0000000745a00000| Untracked 
|  35|0x0000000745c00000, 0x0000000745c00000, 0x0000000745e00000|  0%| F|  |TAMS 0x0000000745c00000, 0x0000000745c00000| Untracked 
|  36|0x0000000745e00000, 0x0000000745e00000, 0x0000000746000000|  0%| F|  |TAMS 0x0000000745e00000, 0x0000000745e00000| Untracked 
|  37|0x0000000746000000, 0x0000000746000000, 0x0000000746200000|  0%| F|  |TAMS 0x0000000746000000, 0x0000000746000000| Untracked 
|  38|0x0000000746200000, 0x0000000746200000, 0x0000000746400000|  0%| F|  |TAMS 0x0000000746200000, 0x0000000746200000| Untracked 
|  39|0x0000000746400000, 0x000000074646b690, 0x0000000746600000| 20%| S|CS|TAMS 0x0000000746400000, 0x0000000746400000| Complete 
|  40|0x0000000746600000, 0x0000000746800000, 0x0000000746800000|100%| S|CS|TAMS 0x0000000746600000, 0x0000000746600000| Complete 
|  41|0x0000000746800000, 0x0000000746a00000, 0x0000000746a00000|100%| S|CS|TAMS 0x0000000746800000, 0x0000000746800000| Complete 
|  42|0x0000000746a00000, 0x0000000746c00000, 0x0000000746c00000|100%| S|CS|TAMS 0x0000000746a00000, 0x0000000746a00000| Complete 
|  43|0x0000000746c00000, 0x0000000746c00000, 0x0000000746e00000|  0%| F|  |TAMS 0x0000000746c00000, 0x0000000746c00000| Untracked 
|  44|0x0000000746e00000, 0x0000000746e00000, 0x0000000747000000|  0%| F|  |TAMS 0x0000000746e00000, 0x0000000746e00000| Untracked 
|  45|0x0000000747000000, 0x0000000747000000, 0x0000000747200000|  0%| F|  |TAMS 0x0000000747000000, 0x0000000747000000| Untracked 
|  46|0x0000000747200000, 0x0000000747200000, 0x0000000747400000|  0%| F|  |TAMS 0x0000000747200000, 0x0000000747200000| Untracked 
|  47|0x0000000747400000, 0x0000000747400000, 0x0000000747600000|  0%| F|  |TAMS 0x0000000747400000, 0x0000000747400000| Untracked 
|  48|0x0000000747600000, 0x0000000747600000, 0x0000000747800000|  0%| F|  |TAMS 0x0000000747600000, 0x0000000747600000| Untracked 
|  49|0x0000000747800000, 0x0000000747800000, 0x0000000747a00000|  0%| F|  |TAMS 0x0000000747800000, 0x0000000747800000| Untracked 
|  50|0x0000000747a00000, 0x0000000747a00000, 0x0000000747c00000|  0%| F|  |TAMS 0x0000000747a00000, 0x0000000747a00000| Untracked 
|  51|0x0000000747c00000, 0x0000000747c00000, 0x0000000747e00000|  0%| F|  |TAMS 0x0000000747c00000, 0x0000000747c00000| Untracked 
|  52|0x0000000747e00000, 0x0000000747e00000, 0x0000000748000000|  0%| F|  |TAMS 0x0000000747e00000, 0x0000000747e00000| Untracked 
|  53|0x0000000748000000, 0x0000000748000000, 0x0000000748200000|  0%| F|  |TAMS 0x0000000748000000, 0x0000000748000000| Untracked 
|  54|0x0000000748200000, 0x0000000748200000, 0x0000000748400000|  0%| F|  |TAMS 0x0000000748200000, 0x0000000748200000| Untracked 
|  55|0x0000000748400000, 0x0000000748400000, 0x0000000748600000|  0%| F|  |TAMS 0x0000000748400000, 0x0000000748400000| Untracked 
|  56|0x0000000748600000, 0x0000000748600000, 0x0000000748800000|  0%| F|  |TAMS 0x0000000748600000, 0x0000000748600000| Untracked 
|  57|0x0000000748800000, 0x00000007489ec580, 0x0000000748a00000| 96%| E|  |TAMS 0x0000000748800000, 0x0000000748800000| Complete 
|  58|0x0000000748a00000, 0x0000000748c00000, 0x0000000748c00000|100%| E|CS|TAMS 0x0000000748a00000, 0x0000000748a00000| Complete 
|  59|0x0000000748c00000, 0x0000000748e00000, 0x0000000748e00000|100%| E|CS|TAMS 0x0000000748c00000, 0x0000000748c00000| Complete 
|  60|0x0000000748e00000, 0x0000000749000000, 0x0000000749000000|100%| E|CS|TAMS 0x0000000748e00000, 0x0000000748e00000| Complete 
|  61|0x0000000749000000, 0x0000000749200000, 0x0000000749200000|100%| E|CS|TAMS 0x0000000749000000, 0x0000000749000000| Complete 
|  62|0x0000000749200000, 0x0000000749400000, 0x0000000749400000|100%| E|CS|TAMS 0x0000000749200000, 0x0000000749200000| Complete 
|  63|0x0000000749400000, 0x0000000749600000, 0x0000000749600000|100%| E|CS|TAMS 0x0000000749400000, 0x0000000749400000| Complete 
|  64|0x0000000749600000, 0x0000000749800000, 0x0000000749800000|100%| E|CS|TAMS 0x0000000749600000, 0x0000000749600000| Complete 
|  65|0x0000000749800000, 0x0000000749a00000, 0x0000000749a00000|100%| E|CS|TAMS 0x0000000749800000, 0x0000000749800000| Complete 
|  73|0x000000074a800000, 0x000000074aa00000, 0x000000074aa00000|100%| E|CS|TAMS 0x000000074a800000, 0x000000074a800000| Complete 
|  74|0x000000074aa00000, 0x000000074ac00000, 0x000000074ac00000|100%| E|CS|TAMS 0x000000074aa00000, 0x000000074aa00000| Complete 
|  75|0x000000074ac00000, 0x000000074ae00000, 0x000000074ae00000|100%| E|  |TAMS 0x000000074ac00000, 0x000000074ac00000| Complete 
|  95|0x000000074d400000, 0x000000074d600000, 0x000000074d600000|100%| E|CS|TAMS 0x000000074d400000, 0x000000074d400000| Complete 

Card table byte_map: [0x00000192ddba0000,0x00000192de1a0000] _byte_map_base: 0x00000192da195000

Marking Bits (Prev, Next): (CMBitMap*) 0x00000192c8ef43f0, (CMBitMap*) 0x00000192c8ef43b0
 Prev Bits: [0x00000192e1750000, 0x00000192e46f8000)
 Next Bits: [0x00000192de7a0000, 0x00000192e1748000)

Polling page: 0x00000192c8f60000

Metaspace:

Usage:
  Non-class:     64.58 MB used.
      Class:      8.49 MB used.
       Both:     73.07 MB used.

Virtual space:
  Non-class space:       72.00 MB reserved,      64.75 MB ( 90%) committed,  9 nodes.
      Class space:        1.00 GB reserved,       8.62 MB ( <1%) committed,  1 nodes.
             Both:        1.07 GB reserved,      73.38 MB (  7%) committed. 

Chunk freelists:
   Non-Class:  3.27 MB
       Class:  3.39 MB
        Both:  6.66 MB

MaxMetaspaceSize: unlimited
CompressedClassSpaceSize: 1.00 GB
Initial GC threshold: 21.00 MB
Current GC threshold: 98.44 MB
CDS: off
MetaspaceReclaimPolicy: balanced
 - commit_granule_bytes: 65536.
 - commit_granule_words: 8192.
 - virtual_space_node_default_size: 1048576.
 - enlarge_chunks_in_place: 1.
 - new_chunks_are_fully_committed: 0.
 - uncommit_free_chunks: 1.
 - use_allocation_guard: 0.
 - handle_deallocations: 1.


Internal statistics:

num_allocs_failed_limit: 9.
num_arena_births: 358.
num_arena_deaths: 0.
num_vsnodes_births: 10.
num_vsnodes_deaths: 0.
num_space_committed: 1172.
num_space_uncommitted: 0.
num_chunks_returned_to_freelist: 9.
num_chunks_taken_from_freelist: 2772.
num_chunk_merges: 9.
num_chunk_splits: 2242.
num_chunks_enlarged: 1970.
num_purges: 0.
num_inconsistent_stats: 0.

CodeHeap 'non-profiled nmethods': size=120000Kb used=5345Kb max_used=5345Kb free=114654Kb
 bounds [0x00000192d5600000, 0x00000192d5b40000, 0x00000192dcb30000]
CodeHeap 'profiled nmethods': size=120000Kb used=27378Kb max_used=27378Kb free=92621Kb
 bounds [0x00000192cdb30000, 0x00000192cf600000, 0x00000192d5060000]
CodeHeap 'non-nmethods': size=5760Kb used=1379Kb max_used=1485Kb free=4380Kb
 bounds [0x00000192d5060000, 0x00000192d52d0000, 0x00000192d5600000]
 total_blobs=10342 nmethods=9636 adapters=615
 compilation: enabled
              stopped_count=0, restarted_count=0
 full_count=0

Compilation events (20 events):
Event: 31.943 Thread 0x00000192e7c7ce20 11490       1       kotlin.collections.builders.MapBuilder$Itr::getLastIndex$kotlin_stdlib (5 bytes)
Event: 31.943 Thread 0x00000192e7c7ce20 nmethod 11490 0x00000192d5b2f790 code [0x00000192d5b2f920, 0x00000192d5b2f9f8]
Event: 31.943 Thread 0x00000192e7c7ce20 11491       1       org.jetbrains.kotlin.ir.backend.jvm.serialization.JvmIrLinker::access$getStubGenerator$p (5 bytes)
Event: 31.944 Thread 0x00000192e7c7ce20 nmethod 11491 0x00000192d5b2fa90 code [0x00000192d5b2fc20, 0x00000192d5b2fcd8]
Event: 31.944 Thread 0x00000192e7c7ce20 11492       1       org.jetbrains.kotlin.psi2ir.generators.DeclarationStubGeneratorImpl::getTypeTranslator (5 bytes)
Event: 31.944 Thread 0x00000192e7c7ce20 nmethod 11492 0x00000192d5b2fd90 code [0x00000192d5b2ff20, 0x00000192d5b2fff8]
Event: 31.944 Thread 0x00000192e7c7ce20 11493       1       org.jetbrains.kotlin.ir.declarations.lazy.IrLazyClass::getSymbol (5 bytes)
Event: 31.944 Thread 0x00000192e7c7ce20 nmethod 11493 0x00000192d5b30090 code [0x00000192d5b30220, 0x00000192d5b302f8]
Event: 31.945 Thread 0x00000192e7c7ce20 11494       1       org.jetbrains.kotlin.load.java.lazy.descriptors.LazyJavaClassDescriptor::isCompanionObject (2 bytes)
Event: 31.945 Thread 0x00000192e7c7ce20 nmethod 11494 0x00000192d5b30390 code [0x00000192d5b30520, 0x00000192d5b305f8]
Event: 31.947 Thread 0x00000192e7c7ce20 11495       1       org.jetbrains.kotlin.load.java.lazy.descriptors.LazyJavaClassDescriptor::isData (2 bytes)
Event: 31.947 Thread 0x00000192e7c7ce20 nmethod 11495 0x00000192d5b30690 code [0x00000192d5b30820, 0x00000192d5b308f8]
Event: 31.947 Thread 0x00000192e7c7ce20 11496       3       org.jetbrains.kotlin.ir.declarations.IrClass::<init> (5 bytes)
Event: 31.948 Thread 0x00000192e7c7ce20 nmethod 11496 0x00000192cf5d4410 code [0x00000192cf5d45c0, 0x00000192cf5d47f8]
Event: 31.948 Thread 0x00000192e7c7ce20 11497       3       kotlin.collections.builders.MapBuilder$KeysItr::next (58 bytes)
Event: 31.948 Thread 0x00000192e7c7ce20 nmethod 11497 0x00000192cf5d4910 code [0x00000192cf5d4ae0, 0x00000192cf5d4e38]
Event: 31.948 Thread 0x00000192e7c7ce20 11498   !   3       org.jetbrains.kotlin.ir.util.SymbolTable::declareClass (206 bytes)
Event: 31.951 Thread 0x00000192e7c7ce20 nmethod 11498 0x00000192cf5d5010 code [0x00000192cf5d53a0, 0x00000192cf5d6fc8]
Event: 31.951 Thread 0x00000192e7c7ce20 11499       3       org.jetbrains.kotlin.backend.common.serialization.KotlinIrLinker::resolveModuleDeserializer (64 bytes)
Event: 31.953 Thread 0x00000192e7c7ce20 nmethod 11499 0x00000192cf5d7b90 code [0x00000192cf5d7e40, 0x00000192cf5d8a98]

GC Heap History (20 events):
Event: 4.981 GC heap before
{Heap before GC invocations=5 (full 0):
 garbage-first heap   total 40960K, used 25869K [0x0000000741600000, 0x0000000800000000)
  region size 2048K, 8 young (16384K), 2 survivors (4096K)
 Metaspace       used 34130K, committed 34368K, reserved 1081344K
  class space    used 4425K, committed 4544K, reserved 1048576K
}
Event: 4.995 GC heap after
{Heap after GC invocations=6 (full 0):
 garbage-first heap   total 40960K, used 17035K [0x0000000741600000, 0x0000000800000000)
  region size 2048K, 1 young (2048K), 1 survivors (2048K)
 Metaspace       used 34130K, committed 34368K, reserved 1081344K
  class space    used 4425K, committed 4544K, reserved 1048576K
}
Event: 5.254 GC heap before
{Heap before GC invocations=6 (full 0):
 garbage-first heap   total 40960K, used 25227K [0x0000000741600000, 0x0000000800000000)
  region size 2048K, 6 young (12288K), 1 survivors (2048K)
 Metaspace       used 35744K, committed 35968K, reserved 1081344K
  class space    used 4617K, committed 4736K, reserved 1048576K
}
Event: 5.261 GC heap after
{Heap after GC invocations=7 (full 0):
 garbage-first heap   total 40960K, used 15896K [0x0000000741600000, 0x0000000800000000)
  region size 2048K, 1 young (2048K), 1 survivors (2048K)
 Metaspace       used 35744K, committed 35968K, reserved 1081344K
  class space    used 4617K, committed 4736K, reserved 1048576K
}
Event: 5.743 GC heap before
{Heap before GC invocations=8 (full 0):
 garbage-first heap   total 40960K, used 30232K [0x0000000741600000, 0x0000000800000000)
  region size 2048K, 8 young (16384K), 1 survivors (2048K)
 Metaspace       used 38452K, committed 38656K, reserved 1089536K
  class space    used 4902K, committed 4992K, reserved 1048576K
}
Event: 5.754 GC heap after
{Heap after GC invocations=9 (full 0):
 garbage-first heap   total 40960K, used 17325K [0x0000000741600000, 0x0000000800000000)
  region size 2048K, 1 young (2048K), 1 survivors (2048K)
 Metaspace       used 38452K, committed 38656K, reserved 1089536K
  class space    used 4902K, committed 4992K, reserved 1048576K
}
Event: 6.060 GC heap before
{Heap before GC invocations=9 (full 0):
 garbage-first heap   total 40960K, used 29613K [0x0000000741600000, 0x0000000800000000)
  region size 2048K, 7 young (14336K), 1 survivors (2048K)
 Metaspace       used 40835K, committed 41024K, reserved 1089536K
  class space    used 5082K, committed 5184K, reserved 1048576K
}
Event: 6.071 GC heap after
{Heap after GC invocations=10 (full 0):
 garbage-first heap   total 118784K, used 19378K [0x0000000741600000, 0x0000000800000000)
  region size 2048K, 1 young (2048K), 1 survivors (2048K)
 Metaspace       used 40835K, committed 41024K, reserved 1089536K
  class space    used 5082K, committed 5184K, reserved 1048576K
}
Event: 8.490 GC heap before
{Heap before GC invocations=10 (full 0):
 garbage-first heap   total 118784K, used 89010K [0x0000000741600000, 0x0000000800000000)
  region size 2048K, 34 young (69632K), 1 survivors (2048K)
 Metaspace       used 50968K, committed 51200K, reserved 1097728K
  class space    used 6240K, committed 6336K, reserved 1048576K
}
Event: 8.524 GC heap after
{Heap after GC invocations=11 (full 0):
 garbage-first heap   total 118784K, used 27009K [0x0000000741600000, 0x0000000800000000)
  region size 2048K, 4 young (8192K), 4 survivors (8192K)
 Metaspace       used 50968K, committed 51200K, reserved 1097728K
  class space    used 6240K, committed 6336K, reserved 1048576K
}
Event: 12.038 GC heap before
{Heap before GC invocations=11 (full 0):
 garbage-first heap   total 118784K, used 82305K [0x0000000741600000, 0x0000000800000000)
  region size 2048K, 31 young (63488K), 4 survivors (8192K)
 Metaspace       used 56256K, committed 56512K, reserved 1105920K
  class space    used 6751K, committed 6848K, reserved 1048576K
}
Event: 12.109 GC heap after
{Heap after GC invocations=12 (full 0):
 garbage-first heap   total 118784K, used 35275K [0x0000000741600000, 0x0000000800000000)
  region size 2048K, 4 young (8192K), 4 survivors (8192K)
 Metaspace       used 56256K, committed 56512K, reserved 1105920K
  class space    used 6751K, committed 6848K, reserved 1048576K
}
Event: 17.123 GC heap before
{Heap before GC invocations=12 (full 0):
 garbage-first heap   total 118784K, used 84427K [0x0000000741600000, 0x0000000800000000)
  region size 2048K, 28 young (57344K), 4 survivors (8192K)
 Metaspace       used 58435K, committed 58688K, reserved 1105920K
  class space    used 7023K, committed 7168K, reserved 1048576K
}
Event: 17.200 GC heap after
{Heap after GC invocations=13 (full 0):
 garbage-first heap   total 118784K, used 43604K [0x0000000741600000, 0x0000000800000000)
  region size 2048K, 4 young (8192K), 4 survivors (8192K)
 Metaspace       used 58435K, committed 58688K, reserved 1105920K
  class space    used 7023K, committed 7168K, reserved 1048576K
}
Event: 17.844 GC heap before
{Heap before GC invocations=13 (full 0):
 garbage-first heap   total 118784K, used 47700K [0x0000000741600000, 0x0000000800000000)
  region size 2048K, 7 young (14336K), 4 survivors (8192K)
 Metaspace       used 60000K, committed 60288K, reserved 1105920K
  class space    used 7285K, committed 7424K, reserved 1048576K
}
Event: 17.903 GC heap after
{Heap after GC invocations=14 (full 0):
 garbage-first heap   total 143360K, used 44376K [0x0000000741600000, 0x0000000800000000)
  region size 2048K, 1 young (2048K), 1 survivors (2048K)
 Metaspace       used 60000K, committed 60288K, reserved 1105920K
  class space    used 7285K, committed 7424K, reserved 1048576K
}
Event: 25.365 GC heap before
{Heap before GC invocations=15 (full 0):
 garbage-first heap   total 143360K, used 107864K [0x0000000741600000, 0x0000000800000000)
  region size 2048K, 32 young (65536K), 1 survivors (2048K)
 Metaspace       used 66250K, committed 66560K, reserved 1114112K
  class space    used 7952K, committed 8128K, reserved 1048576K
}
Event: 25.399 GC heap after
{Heap after GC invocations=16 (full 0):
 garbage-first heap   total 143360K, used 53008K [0x0000000741600000, 0x0000000800000000)
  region size 2048K, 4 young (8192K), 4 survivors (8192K)
 Metaspace       used 66250K, committed 66560K, reserved 1114112K
  class space    used 7952K, committed 8128K, reserved 1048576K
}
Event: 29.879 GC heap before
{Heap before GC invocations=16 (full 0):
 garbage-first heap   total 143360K, used 108304K [0x0000000741600000, 0x0000000800000000)
  region size 2048K, 31 young (63488K), 4 survivors (8192K)
 Metaspace       used 71829K, committed 72128K, reserved 1114112K
  class space    used 8399K, committed 8512K, reserved 1048576K
}
Event: 29.912 GC heap after
{Heap after GC invocations=17 (full 0):
 garbage-first heap   total 143360K, used 59818K [0x0000000741600000, 0x0000000800000000)
  region size 2048K, 4 young (8192K), 4 survivors (8192K)
 Metaspace       used 71829K, committed 72128K, reserved 1114112K
  class space    used 8399K, committed 8512K, reserved 1048576K
}

Dll operation events (2 events):
Event: 0.024 Loaded shared library C:\Program Files\Android\Android Studio\jbr\bin\java.dll
Event: 3.539 Loaded shared library C:\Program Files\Android\Android Studio\jbr\bin\verify.dll

Deoptimization events (20 events):
Event: 31.571 Thread 0x00000192c8e9c650 Uncommon trap: trap_request=0xffffffde fr.pc=0x00000192d5aef970 relative=0x0000000000007330
Event: 31.571 Thread 0x00000192c8e9c650 Uncommon trap: reason=class_check action=maybe_recompile pc=0x00000192d5aef970 method=org.jetbrains.kotlin.types.checker.NewCapturedTypeKt.captureArguments(Lorg/jetbrains/kotlin/types/UnwrappedType;Lorg/jetbrains/kotlin/types/model/CaptureStatus;)Ljava/ut
Event: 31.571 Thread 0x00000192c8e9c650 DEOPT PACKING pc=0x00000192d5aef970 sp=0x00000042b8ff7ae0
Event: 31.571 Thread 0x00000192c8e9c650 DEOPT UNPACKING pc=0x00000192d50b69a3 sp=0x00000042b8ff7a70 mode 2
Event: 31.573 Thread 0x00000192c8e9c650 Uncommon trap: trap_request=0xffffffde fr.pc=0x00000192d5aed49c relative=0x0000000000004e5c
Event: 31.573 Thread 0x00000192c8e9c650 Uncommon trap: reason=class_check action=maybe_recompile pc=0x00000192d5aed49c method=org.jetbrains.kotlin.types.checker.NewCapturedTypeKt.captureArguments(Lorg/jetbrains/kotlin/types/UnwrappedType;Lorg/jetbrains/kotlin/types/model/CaptureStatus;)Ljava/ut
Event: 31.573 Thread 0x00000192c8e9c650 DEOPT PACKING pc=0x00000192d5aed49c sp=0x00000042b8ff8be0
Event: 31.573 Thread 0x00000192c8e9c650 DEOPT UNPACKING pc=0x00000192d50b69a3 sp=0x00000042b8ff8b78 mode 2
Event: 31.574 Thread 0x00000192c8e9c650 Uncommon trap: trap_request=0xffffffde fr.pc=0x00000192d5aed49c relative=0x0000000000004e5c
Event: 31.574 Thread 0x00000192c8e9c650 Uncommon trap: reason=class_check action=maybe_recompile pc=0x00000192d5aed49c method=org.jetbrains.kotlin.types.checker.NewCapturedTypeKt.captureArguments(Lorg/jetbrains/kotlin/types/UnwrappedType;Lorg/jetbrains/kotlin/types/model/CaptureStatus;)Ljava/ut
Event: 31.574 Thread 0x00000192c8e9c650 DEOPT PACKING pc=0x00000192d5aed49c sp=0x00000042b8ff8be0
Event: 31.574 Thread 0x00000192c8e9c650 DEOPT UNPACKING pc=0x00000192d50b69a3 sp=0x00000042b8ff8b78 mode 2
Event: 31.703 Thread 0x00000192c8e9c650 Uncommon trap: trap_request=0xffffffc6 fr.pc=0x00000192d5ae13a8 relative=0x0000000000002ae8
Event: 31.703 Thread 0x00000192c8e9c650 Uncommon trap: reason=bimorphic_or_optimized_type_check action=maybe_recompile pc=0x00000192d5ae13a8 method=org.jetbrains.kotlin.resolve.calls.util.PsiUtilsKt.getCalleeExpressionIfAny(Lorg/jetbrains/kotlin/psi/KtElement;)Lorg/jetbrains/kotlin/psi/KtExpres
Event: 31.703 Thread 0x00000192c8e9c650 DEOPT PACKING pc=0x00000192d5ae13a8 sp=0x00000042b8ffc9c0
Event: 31.703 Thread 0x00000192c8e9c650 DEOPT UNPACKING pc=0x00000192d50b69a3 sp=0x00000042b8ffc990 mode 2
Event: 31.706 Thread 0x00000192c8e9c650 Uncommon trap: trap_request=0xffffff45 fr.pc=0x00000192d566f13c relative=0x000000000000037c
Event: 31.706 Thread 0x00000192c8e9c650 Uncommon trap: reason=unstable_if action=reinterpret pc=0x00000192d566f13c method=java.util.HashMap.hash(Ljava/lang/Object;)I @ 1 c2
Event: 31.706 Thread 0x00000192c8e9c650 DEOPT PACKING pc=0x00000192d566f13c sp=0x00000042b8ffcc60
Event: 31.706 Thread 0x00000192c8e9c650 DEOPT UNPACKING pc=0x00000192d50b69a3 sp=0x00000042b8ffcb08 mode 2

Classes unloaded (0 events):
No events

Classes redefined (0 events):
No events

Internal exceptions (20 events):
Event: 17.810 Thread 0x00000192c8e9c650 Exception <a 'java/lang/NoSuchMethodError'{0x000000074aa797e8}: 'java.lang.Object java.lang.invoke.DirectMethodHandle$Holder.invokeStatic(java.lang.Object, java.lang.Object, java.lang.Object, java.lang.Object, int)'> (0x000000074aa797e8) 
thrown [s\src\hotspot\share\interpreter\linkResolver.cpp, line 771]
Event: 17.811 Thread 0x00000192c8e9c650 Exception <a 'java/lang/NoSuchMethodError'{0x000000074aa833d8}: 'java.lang.Object java.lang.invoke.DirectMethodHandle$Holder.newInvokeSpecial(java.lang.Object, java.lang.Object, java.lang.Object, java.lang.Object, int)'> (0x000000074aa833d8) 
thrown [s\src\hotspot\share\interpreter\linkResolver.cpp, line 771]
Event: 17.813 Thread 0x00000192c8e9c650 Exception <a 'java/lang/NoSuchMethodError'{0x000000074aa8b4a8}: 'java.lang.Object java.lang.invoke.Invokers$Holder.linkToTargetMethod(java.lang.Object, java.lang.Object, java.lang.Object, int, java.lang.Object)'> (0x000000074aa8b4a8) 
thrown [s\src\hotspot\share\interpreter\linkResolver.cpp, line 771]
Event: 18.214 Thread 0x00000192c8e9c650 Exception <a 'java/lang/NoSuchMethodError'{0x000000074d5b2300}: 'void java.lang.invoke.DirectMethodHandle$Holder.invokeInterface(java.lang.Object, java.lang.Object)'> (0x000000074d5b2300) 
thrown [s\src\hotspot\share\interpreter\linkResolver.cpp, line 771]
Event: 18.511 Thread 0x00000192c8e9c650 Exception <a 'java/lang/IncompatibleClassChangeError'{0x000000074ad642f8}: Found class java.lang.Object, but interface was expected> (0x000000074ad642f8) 
thrown [s\src\hotspot\share\interpreter\linkResolver.cpp, line 838]
Event: 20.021 Thread 0x00000192c8e9c650 Exception <a 'java/lang/NoSuchMethodError'{0x00000007494d6208}: 'java.lang.Object java.lang.invoke.DirectMethodHandle$Holder.invokeInterface(java.lang.Object, java.lang.Object, java.lang.Object)'> (0x00000007494d6208) 
thrown [s\src\hotspot\share\interpreter\linkResolver.cpp, line 771]
Event: 20.026 Thread 0x00000192c8e9c650 Exception <a 'java/lang/IncompatibleClassChangeError'{0x00000007494d9b78}: Found class java.lang.Object, but interface was expected> (0x00000007494d9b78) 
thrown [s\src\hotspot\share\interpreter\linkResolver.cpp, line 838]
Event: 23.386 Thread 0x00000192c8e9c650 Exception <a 'java/lang/NoSuchMethodError'{0x00000007472bfba0}: 'java.lang.Object java.lang.invoke.DirectMethodHandle$Holder.newInvokeSpecial(java.lang.Object, java.lang.Object, java.lang.Object, java.lang.Object, java.lang.Object, java.lang.Object, java.lang.Object)'> (0x00000007472bfba0) 
thrown [s\src\hotspot\share\interpreter\linkResolver.cpp, line 771]
Event: 23.387 Thread 0x00000192c8e9c650 Exception <a 'java/lang/NoSuchMethodError'{0x00000007472c4870}: 'java.lang.Object java.lang.invoke.Invokers$Holder.linkToTargetMethod(java.lang.Object, java.lang.Object, java.lang.Object, java.lang.Object, java.lang.Object, java.lang.Object, java.lang.Object)'> (0x00000007472c4870) 
thrown [s\src\hotspot\share\interpreter\linkResolver.cpp, line 771]
Event: 24.879 Thread 0x00000192c8e9c650 Implicit null exception at 0x00000192d5a2e32f to 0x00000192d5a2e3c8
Event: 25.557 Thread 0x00000192c8e9c650 Exception <a 'java/lang/NoSuchMethodError'{0x000000074acb74b0}: 'java.lang.Object java.lang.invoke.DirectMethodHandle$Holder.invokeStatic(java.lang.Object, int, java.lang.Object)'> (0x000000074acb74b0) 
thrown [s\src\hotspot\share\interpreter\linkResolver.cpp, line 771]
Event: 28.951 Thread 0x00000192c8e9c650 Implicit null exception at 0x00000192d59a1960 to 0x00000192d59a1cb0
Event: 28.953 Thread 0x00000192c8e9c650 Implicit null exception at 0x00000192d58e31e0 to 0x00000192d58e34e4
Event: 29.274 Thread 0x00000192c8e9c650 Exception <a 'java/lang/NoSuchMethodError'{0x00000007478a1098}: 'java.lang.Object java.lang.invoke.DirectMethodHandle$Holder.invokeStaticInit(java.lang.Object, java.lang.Object, java.lang.Object, java.lang.Object)'> (0x00000007478a1098) 
thrown [s\src\hotspot\share\interpreter\linkResolver.cpp, line 771]
Event: 29.986 Thread 0x00000192c8e9c650 Exception <a 'java/lang/NoSuchMethodError'{0x000000074d57d128}: 'java.lang.Object java.lang.invoke.DirectMethodHandle$Holder.newInvokeSpecial(java.lang.Object, java.lang.Object, java.lang.Object, int, int)'> (0x000000074d57d128) 
thrown [s\src\hotspot\share\interpreter\linkResolver.cpp, line 771]
Event: 29.987 Thread 0x00000192c8e9c650 Exception <a 'java/lang/NoSuchMethodError'{0x000000074d580f68}: 'java.lang.Object java.lang.invoke.DirectMethodHandle$Holder.invokeSpecial(java.lang.Object, java.lang.Object, java.lang.Object, java.lang.Object, int, int)'> (0x000000074d580f68) 
thrown [s\src\hotspot\share\interpreter\linkResolver.cpp, line 771]
Event: 30.225 Thread 0x00000192c8e9c650 Exception <a 'java/lang/NoSuchMethodError'{0x000000074aa69140}: 'java.lang.Object java.lang.invoke.DirectMethodHandle$Holder.invokeSpecial(java.lang.Object, java.lang.Object, int, int, java.lang.Object, java.lang.Object, java.lang.Object, java.lang.Object, java.lang.Object)'> (0x000000074aa69140) 
thrown [s\src\hotspot\share\interpreter\linkResolver.cpp, line 771]
Event: 31.705 Thread 0x00000192c8e9c650 Implicit null exception at 0x00000192d566ee20 to 0x00000192d566f120
Event: 31.710 Thread 0x00000192c8e9c650 Exception <a 'java/lang/NoSuchMethodError'{0x0000000748d4ece0}: 'java.lang.Object java.lang.invoke.DirectMethodHandle$Holder.newInvokeSpecial(java.lang.Object, java.lang.Object, int, int, java.lang.Object, java.lang.Object, java.lang.Object)'> (0x0000000748d4ece0) 
thrown [s\src\hotspot\share\interpreter\linkResolver.cpp, line 771]
Event: 31.711 Thread 0x00000192c8e9c650 Exception <a 'java/lang/NoSuchMethodError'{0x0000000748d53588}: 'java.lang.Object java.lang.invoke.DirectMethodHandle$Holder.invokeSpecial(java.lang.Object, java.lang.Object, java.lang.Object, int, int, java.lang.Object, java.lang.Object, java.lang.Object)'> (0x0000000748d53588) 
thrown [s\src\hotspot\share\interpreter\linkResolver.cpp, line 771]

VM Operations (20 events):
Event: 30.287 Executing VM operation: HandshakeAllThreads
Event: 30.287 Executing VM operation: HandshakeAllThreads done
Event: 30.355 Executing VM operation: HandshakeAllThreads
Event: 30.355 Executing VM operation: HandshakeAllThreads done
Event: 30.702 Executing VM operation: HandshakeAllThreads
Event: 30.702 Executing VM operation: HandshakeAllThreads done
Event: 30.793 Executing VM operation: ICBufferFull
Event: 30.793 Executing VM operation: ICBufferFull done
Event: 31.036 Executing VM operation: ICBufferFull
Event: 31.037 Executing VM operation: ICBufferFull done
Event: 31.291 Executing VM operation: ICBufferFull
Event: 31.292 Executing VM operation: ICBufferFull done
Event: 31.507 Executing VM operation: ICBufferFull
Event: 31.511 Executing VM operation: ICBufferFull done
Event: 31.683 Executing VM operation: ICBufferFull
Event: 31.684 Executing VM operation: ICBufferFull done
Event: 31.871 Executing VM operation: ICBufferFull
Event: 31.872 Executing VM operation: ICBufferFull done
Event: 31.917 Executing VM operation: HandshakeAllThreads
Event: 31.917 Executing VM operation: HandshakeAllThreads done

Events (20 events):
Event: 29.691 Thread 0x00000192e7c7db10 flushing nmethod 0x00000192cf1ec910
Event: 29.691 Thread 0x00000192e7c7db10 flushing nmethod 0x00000192cf218d10
Event: 29.691 Thread 0x00000192e7c7db10 flushing nmethod 0x00000192cf29a110
Event: 29.691 Thread 0x00000192e7c7db10 flushing nmethod 0x00000192cf2bf590
Event: 29.691 Thread 0x00000192e7c7db10 flushing nmethod 0x00000192cf2de490
Event: 29.692 Thread 0x00000192e7c7db10 flushing nmethod 0x00000192cf3a6a10
Event: 29.692 Thread 0x00000192e7c7db10 flushing nmethod 0x00000192cf3d3890
Event: 29.692 Thread 0x00000192e7c7db10 flushing nmethod 0x00000192cf3d4010
Event: 29.692 Thread 0x00000192e7c7db10 flushing nmethod 0x00000192cf3d5810
Event: 29.692 Thread 0x00000192e7c7db10 flushing nmethod 0x00000192cf3deb10
Event: 29.692 Thread 0x00000192e7c7db10 flushing nmethod 0x00000192cf3e5c90
Event: 29.692 Thread 0x00000192e7c7db10 flushing nmethod 0x00000192cf3e9490
Event: 29.692 Thread 0x00000192e7c7db10 flushing nmethod 0x00000192cf3efa10
Event: 29.693 Thread 0x00000192e7c7db10 flushing nmethod 0x00000192cf47a090
Event: 29.693 Thread 0x00000192e7c7db10 flushing nmethod 0x00000192cf497210
Event: 29.693 Thread 0x00000192e7c7db10 flushing nmethod 0x00000192cf498290
Event: 29.693 Thread 0x00000192e7c7db10 flushing nmethod 0x00000192cf4e8210
Event: 29.987 Thread 0x00000192eb3f53d0 Thread exited: 0x00000192eb3f53d0
Event: 30.476 Thread 0x00000192e914be10 Thread added: 0x00000192e914be10
Event: 30.503 Thread 0x00000192e9149aa0 Thread added: 0x00000192e9149aa0


Dynamic libraries:
0x00007ff69acd0000 - 0x00007ff69acda000 	C:\Program Files\Android\Android Studio\jbr\bin\java.exe
0x00007ffe99ed0000 - 0x00007ffe9a0e4000 	C:\WINDOWS\SYSTEM32\ntdll.dll
0x00007ffe97df0000 - 0x00007ffe97eb2000 	C:\WINDOWS\System32\KERNEL32.DLL
0x00007ffe97570000 - 0x00007ffe9790d000 	C:\WINDOWS\System32\KERNELBASE.dll
0x00007ffe97910000 - 0x00007ffe97a21000 	C:\WINDOWS\System32\ucrtbase.dll
0x00007ffe70030000 - 0x00007ffe7004b000 	C:\Program Files\Android\Android Studio\jbr\bin\VCRUNTIME140.dll
0x00007ffe76b00000 - 0x00007ffe76b17000 	C:\Program Files\Android\Android Studio\jbr\bin\jli.dll
0x00007ffe98330000 - 0x00007ffe984da000 	C:\WINDOWS\System32\USER32.dll
0x00007ffe97300000 - 0x00007ffe97326000 	C:\WINDOWS\System32\win32u.dll
0x00007ffe7a130000 - 0x00007ffe7a3be000 	C:\WINDOWS\WinSxS\amd64_microsoft.windows.common-controls_6595b64144ccf1df_6.0.22621.436_none_a94247dbc10d8414\COMCTL32.dll
0x00007ffe97ce0000 - 0x00007ffe97d87000 	C:\WINDOWS\System32\msvcrt.dll
0x00007ffe99cc0000 - 0x00007ffe99ce9000 	C:\WINDOWS\System32\GDI32.dll
0x00007ffe97450000 - 0x00007ffe97562000 	C:\WINDOWS\System32\gdi32full.dll
0x00007ffe973b0000 - 0x00007ffe9744a000 	C:\WINDOWS\System32\msvcp_win.dll
0x00007ffe99db0000 - 0x00007ffe99de2000 	C:\WINDOWS\System32\IMM32.DLL
0x00007ffe767e0000 - 0x00007ffe767ec000 	C:\Program Files\Android\Android Studio\jbr\bin\vcruntime140_1.dll
0x00007ffe5d190000 - 0x00007ffe5d21d000 	C:\Program Files\Android\Android Studio\jbr\bin\msvcp140.dll
0x00007ffde1050000 - 0x00007ffde1cbe000 	C:\Program Files\Android\Android Studio\jbr\bin\server\jvm.dll
0x00007ffe98c00000 - 0x00007ffe98cae000 	C:\WINDOWS\System32\ADVAPI32.dll
0x00007ffe980e0000 - 0x00007ffe98184000 	C:\WINDOWS\System32\sechost.dll
0x00007ffe98190000 - 0x00007ffe982a5000 	C:\WINDOWS\System32\RPCRT4.dll
0x00007ffe8f800000 - 0x00007ffe8f834000 	C:\WINDOWS\SYSTEM32\WINMM.dll
0x00007ffe80ad0000 - 0x00007ffe80ad9000 	C:\WINDOWS\SYSTEM32\WSOCK32.dll
0x00007ffe982b0000 - 0x00007ffe98321000 	C:\WINDOWS\System32\WS2_32.dll
0x00007ffe8f890000 - 0x00007ffe8f89a000 	C:\WINDOWS\SYSTEM32\VERSION.dll
0x00007ffe96460000 - 0x00007ffe96478000 	C:\WINDOWS\SYSTEM32\kernel.appcore.dll
0x00007ffe944c0000 - 0x00007ffe944ca000 	C:\Program Files\Android\Android Studio\jbr\bin\jimage.dll
0x00007ffe80700000 - 0x00007ffe8092e000 	C:\WINDOWS\SYSTEM32\DBGHELP.DLL
0x00007ffe99670000 - 0x00007ffe999fa000 	C:\WINDOWS\System32\combase.dll
0x00007ffe99570000 - 0x00007ffe99647000 	C:\WINDOWS\System32\OLEAUT32.dll
0x00007ffe7da00000 - 0x00007ffe7da32000 	C:\WINDOWS\SYSTEM32\dbgcore.DLL
0x00007ffe97330000 - 0x00007ffe973ab000 	C:\WINDOWS\System32\bcryptPrimitives.dll
0x00007ffe76fb0000 - 0x00007ffe76fd5000 	C:\Program Files\Android\Android Studio\jbr\bin\java.dll
0x00007ffe944a0000 - 0x00007ffe944b8000 	C:\Program Files\Android\Android Studio\jbr\bin\zip.dll
0x00007ffe98d20000 - 0x00007ffe99500000 	C:\WINDOWS\System32\SHELL32.dll
0x00007ffe95350000 - 0x00007ffe95c15000 	C:\WINDOWS\SYSTEM32\windows.storage.dll
0x00007ffe95210000 - 0x00007ffe9534e000 	C:\WINDOWS\SYSTEM32\wintypes.dll
0x00007ffe99a00000 - 0x00007ffe99af1000 	C:\WINDOWS\System32\SHCORE.dll
0x00007ffe99510000 - 0x00007ffe9956e000 	C:\WINDOWS\System32\shlwapi.dll
0x00007ffe97230000 - 0x00007ffe97251000 	C:\WINDOWS\SYSTEM32\profapi.dll
0x00007ffe76b40000 - 0x00007ffe76b59000 	C:\Program Files\Android\Android Studio\jbr\bin\net.dll
0x00007ffe91130000 - 0x00007ffe9125f000 	C:\WINDOWS\SYSTEM32\WINHTTP.dll
0x00007ffe968c0000 - 0x00007ffe96929000 	C:\WINDOWS\system32\mswsock.dll
0x00007ffe76b20000 - 0x00007ffe76b36000 	C:\Program Files\Android\Android Studio\jbr\bin\nio.dll
0x00007ffe94470000 - 0x00007ffe94480000 	C:\Program Files\Android\Android Studio\jbr\bin\verify.dll

dbghelp: loaded successfully - version: 4.0.5 - missing functions: none
symbol engine: initialized successfully - sym options: 0x614 - pdb path: .;C:\Program Files\Android\Android Studio\jbr\bin;C:\WINDOWS\SYSTEM32;C:\WINDOWS\WinSxS\amd64_microsoft.windows.common-controls_6595b64144ccf1df_6.0.22621.436_none_a94247dbc10d8414;C:\Program Files\Android\Android Studio\jbr\bin\server

VM Arguments:
java_command: org.jetbrains.kotlin.cli.jvm.K2JVMCompiler @F:\projectgithub\app\build\20231002_15580953446418749188.compiler.options
java_class_path (initial): C:\Users\LENOVO\.gradle\caches\modules-2\files-2.1\org.jetbrains.kotlin\kotlin-compiler-embeddable\1.9.0\2c8c3a7402becca891f12739b3e9fd2dc2adbd7a\kotlin-compiler-embeddable-1.9.0.jar;C:\Users\LENOVO\.gradle\caches\modules-2\files-2.1\org.jetbrains.kotlin\kotlin-stdlib\1.9.0\8ee15ef0c67dc83d874f412d84378d7f0eb50b63\kotlin-stdlib-1.9.0.jar;C:\Users\LENOVO\.gradle\caches\modules-2\files-2.1\org.jetbrains.kotlin\kotlin-script-runtime\1.9.0\4b3102cbbb7e1b58d9d1adf89563f00069ffa7d1\kotlin-script-runtime-1.9.0.jar;C:\Users\LENOVO\.gradle\caches\modules-2\files-2.1\org.jetbrains.kotlin\kotlin-reflect\1.6.10\1cbe9c92c12a94eea200d23c2bbaedaf3daf5132\kotlin-reflect-1.6.10.jar;C:\Users\LENOVO\.gradle\caches\modules-2\files-2.1\org.jetbrains.kotlin\kotlin-daemon-embeddable\1.9.0\186543f5e28cf8d9a0290fecc2cf34301c40a65c\kotlin-daemon-embeddable-1.9.0.jar;C:\Users\LENOVO\.gradle\caches\modules-2\files-2.1\org.jetbrains.intellij.deps\trove4j\1.0.20200330\3afb14d5f9ceb459d724e907a21145e8ff394f02\trove4j-1.0.20200330.jar;C:\Users\LENOVO\.gradle\caches\modules-2\files-2.1\org.jetbrains.kotlin\kotlin-stdlib-common\1.9.0\cd65c21cfd1eec4d44ef09f9f52b6d9f8a720636\kotlin-stdlib-common-1.9.0.jar;C:\Users\LENOVO\.gradle\caches\modules-2\files-2.1\org.jetbrains\annotations\13.0\919f0dfe192fb4e063e7dacadee7f8bb9a2672a9\annotations-13.0.jar
Launcher Type: SUN_STANDARD

[Global flags]
     intx CICompilerCount                          = 4                                         {product} {ergonomic}
     uint ConcGCThreads                            = 2                                         {product} {ergonomic}
     uint G1ConcRefinementThreads                  = 8                                         {product} {ergonomic}
   size_t G1HeapRegionSize                         = 2097152                                   {product} {ergonomic}
    uintx GCDrainStackTargetSize                   = 64                                        {product} {ergonomic}
   size_t InitialHeapSize                          = 201326592                                 {product} {ergonomic}
   size_t MarkStackSize                            = 4194304                                   {product} {ergonomic}
   size_t MaxHeapSize                              = 3198156800                                {product} {ergonomic}
   size_t MaxNewSize                               = 1918894080                                {product} {ergonomic}
   size_t MinHeapDeltaBytes                        = 2097152                                   {product} {ergonomic}
   size_t MinHeapSize                              = 8388608                                   {product} {ergonomic}
    uintx NonNMethodCodeHeapSize                   = 5839372                                {pd product} {ergonomic}
    uintx NonProfiledCodeHeapSize                  = 122909434                              {pd product} {ergonomic}
    uintx ProfiledCodeHeapSize                     = 122909434                              {pd product} {ergonomic}
    uintx ReservedCodeCacheSize                    = 251658240                              {pd product} {ergonomic}
     bool SegmentedCodeCache                       = true                                      {product} {ergonomic}
   size_t SoftMaxHeapSize                          = 3198156800                             {manageable} {ergonomic}
     bool UseCompressedClassPointers               = true                           {product lp64_product} {ergonomic}
     bool UseCompressedOops                        = true                           {product lp64_product} {ergonomic}
     bool UseG1GC                                  = true                                      {product} {ergonomic}
     bool UseLargePagesIndividualAllocation        = false                                  {pd product} {ergonomic}

Logging:
Log output configuration:
 #0: stdout all=warning uptime,level,tags
 #1: stderr all=off uptime,level,tags

Environment Variables:
PATH=C:\Program Files\Zulu\zulu-17\bin\;C:\WINDOWS\system32;C:\WINDOWS;C:\WINDOWS\System32\Wbem;C:\WINDOWS\System32\WindowsPowerShell\v1.0\;C:\WINDOWS\System32\OpenSSH\;C:\Program Files\nodejs\;C:\ProgramData\chocolatey\bin;E:\gradle-8.3;C:\Users\LENOVO\AppData\Local\Microsoft\WindowsApps;C:\Users\LENOVO\AppData\Local\Programs\Microsoft VS Code\bin;C:\Program Files (x86)\Nmap;C:\Users\LENOVO\AppData\Roaming\npm;D:\flutter\bin;dart-sdk;choco upgrade dart-sdk;%IntelliJ IDEA%;
USERNAME=LENOVO
OS=Windows_NT
PROCESSOR_IDENTIFIER=Intel64 Family 6 Model 142 Stepping 10, GenuineIntel
TMP=C:\Users\LENOVO\AppData\Local\Temp
TEMP=C:\Users\LENOVO\AppData\Local\Temp


JNI global refs:
JNI global refs: 13, weak refs: 15

JNI global refs memory usage: 843, weak refs: 841


---------------  S Y S T E M  ---------------

OS:
 Windows 11 , 64 bit Build 22621 (10.0.22621.746)
OS uptime: 0 days 21:25 hours

CPU: total 8 (initial active 8) (4 cores per cpu, 2 threads per core) family 6 model 142 stepping 10 microcode 0xe0, cx8, cmov, fxsr, ht, mmx, 3dnowpref, sse, sse2, sse3, ssse3, sse4.1, sse4.2, popcnt, lzcnt, tsc, tscinvbit, avx, avx2, aes, erms, clmul, bmi1, bmi2, adx, fma, vzeroupper, clflush, clflushopt

Memory: 4k page, system-wide physical 12197M (595M free)
TotalPageFile size 22880M (AvailPageFile size 7M)
current process WorkingSet (physical memory assigned to process): 346M, peak: 348M
current process commit charge ("private bytes"): 385M, peak: 387M

vm_info: OpenJDK 64-Bit Server VM (17.0.6+0-b2043.56-10027231) for windows-amd64 JRE (17.0.6+0-b2043.56-10027231), built on Apr 28 2023 00:43:19 by "androidbuild" with MS VC++ 16.10 / 16.11 (VS2019)

END.
